[ 2017-09-12T17:50:57+08:00 ] 127.0.0.1 /Mjh/css/font-awesome.min.css?v=4.4.0
INFO: [ app_init ] --START--
INFO: Run Behavior\BuildLiteBehavior [ RunTime:0.000020s ]
INFO: [ app_init ] --END-- [ RunTime:0.000343s ]
ERR: æ— æ³•åŠ è½½æ¨¡å—:Css

[ 2017-09-12T17:50:57+08:00 ] 127.0.0.1 /Mjh/css/animate.css
INFO: [ app_init ] --START--
INFO: Run Behavior\BuildLiteBehavior [ RunTime:0.000024s ]
INFO: [ app_init ] --END-- [ RunTime:0.000455s ]
ERR: æ— æ³•åŠ è½½æ¨¡å—:Css

[ 2017-09-12T17:50:57+08:00 ] 127.0.0.1 /Mjh/css/bootstrap.min.css?v=3.3.6
INFO: [ app_init ] --START--
INFO: Run Behavior\BuildLiteBehavior [ RunTime:0.000022s ]
INFO: [ app_init ] --END-- [ RunTime:0.000947s ]
ERR: æ— æ³•åŠ è½½æ¨¡å—:Css

[ 2017-09-12T17:50:57+08:00 ] 127.0.0.1 /Mjh/css/style.css?v=4.1.0
INFO: [ app_init ] --START--
INFO: Run Behavior\BuildLiteBehavior [ RunTime:0.000020s ]
INFO: [ app_init ] --END-- [ RunTime:0.000399s ]
ERR: æ— æ³•åŠ è½½æ¨¡å—:Css

[ 2017-09-12T17:50:57+08:00 ] 127.0.0.1 /Mjh/index_v1.html?v=4.0
INFO: [ app_init ] --START--
INFO: Run Behavior\BuildLiteBehavior [ RunTime:0.000037s ]
INFO: [ app_init ] --END-- [ RunTime:0.000430s ]
ERR: æ— æ³•åŠ è½½æ¨¡å—:Index_v1

[ 2017-09-12T17:50:57+08:00 ] 127.0.0.1 /Mjh/js/jquery.min.js?v=2.1.4
INFO: [ app_init ] --START--
INFO: Run Behavior\BuildLiteBehavior [ RunTime:0.000025s ]
INFO: [ app_init ] --END-- [ RunTime:0.000367s ]
ERR: æ— æ³•åŠ è½½æ¨¡å—:Js

[ 2017-09-12T17:50:57+08:00 ] 127.0.0.1 /Mjh/js/plugins/slimscroll/jquery.slimscroll.min.js
INFO: [ app_init ] --START--
INFO: Run Behavior\BuildLiteBehavior [ RunTime:0.000019s ]
INFO: [ app_init ] --END-- [ RunTime:0.000351s ]
ERR: æ— æ³•åŠ è½½æ¨¡å—:Js

[ 2017-09-12T17:50:57+08:00 ] 127.0.0.1 /Mjh/js/bootstrap.min.js?v=3.3.6
INFO: [ app_init ] --START--
INFO: Run Behavior\BuildLiteBehavior [ RunTime:0.000020s ]
INFO: [ app_init ] --END-- [ RunTime:0.000473s ]
ERR: æ— æ³•åŠ è½½æ¨¡å—:Js

[ 2017-09-12T17:50:57+08:00 ] 127.0.0.1 /Mjh/js/hAdmin.js?v=4.1.0
INFO: [ app_init ] --START--
INFO: Run Behavior\BuildLiteBehavior [ RunTime:0.000025s ]
INFO: [ app_init ] --END-- [ RunTime:0.000663s ]
ERR: æ— æ³•åŠ è½½æ¨¡å—:Js

[ 2017-09-12T17:50:57+08:00 ] 127.0.0.1 /Mjh/js/index.js
INFO: [ app_init ] --START--
INFO: Run Behavior\BuildLiteBehavior [ RunTime:0.000020s ]
INFO: [ app_init ] --END-- [ RunTime:0.000362s ]
ERR: æ— æ³•åŠ è½½æ¨¡å—:Js

[ 2017-09-12T17:50:57+08:00 ] 127.0.0.1 /Mjh/js/plugins/pace/pace.min.js
INFO: [ app_init ] --START--
INFO: Run Behavior\BuildLiteBehavior [ RunTime:0.000019s ]
INFO: [ app_init ] --END-- [ RunTime:0.000338s ]
ERR: æ— æ³•åŠ è½½æ¨¡å—:Js

[ 2017-09-12T17:50:57+08:00 ] 127.0.0.1 /Mjh/img/a7.jpg
INFO: [ app_init ] --START--
INFO: Run Behavior\BuildLiteBehavior [ RunTime:0.000018s ]
INFO: [ app_init ] --END-- [ RunTime:0.000331s ]
ERR: æ— æ³•åŠ è½½æ¨¡å—:Img

[ 2017-09-12T17:50:57+08:00 ] 127.0.0.1 /Mjh/js/plugins/metisMenu/jquery.metisMenu.js
INFO: [ app_init ] --START--
INFO: Run Behavior\BuildLiteBehavior [ RunTime:0.000025s ]
INFO: [ app_init ] --END-- [ RunTime:0.001429s ]
ERR: æ— æ³•åŠ è½½æ¨¡å—:Js

[ 2017-09-12T17:50:57+08:00 ] 127.0.0.1 /Mjh/img/a4.jpg
INFO: [ app_init ] --START--
INFO: Run Behavior\BuildLiteBehavior [ RunTime:0.000020s ]
INFO: [ app_init ] --END-- [ RunTime:0.000348s ]
ERR: æ— æ³•åŠ è½½æ¨¡å—:Img

[ 2017-09-12T17:50:57+08:00 ] 127.0.0.1 /Mjh/js/plugins/layer/layer.min.js
INFO: [ app_init ] --START--
INFO: Run Behavior\BuildLiteBehavior [ RunTime:0.000021s ]
INFO: [ app_init ] --END-- [ RunTime:0.000409s ]
ERR: æ— æ³•åŠ è½½æ¨¡å—:Js

[ 2017-09-12T17:50:57+08:00 ] 127.0.0.1 /Mjh/js/plugins/slimscroll/jquery.slimscroll.min.js
INFO: [ app_init ] --START--
INFO: Run Behavior\BuildLiteBehavior [ RunTime:0.000025s ]
INFO: [ app_init ] --END-- [ RunTime:0.000409s ]
ERR: æ— æ³•åŠ è½½æ¨¡å—:Js

[ 2017-09-12T17:50:57+08:00 ] 127.0.0.1 /Mjh/js/plugins/layer/layer.min.js
INFO: [ app_init ] --START--
INFO: Run Behavior\BuildLiteBehavior [ RunTime:0.000017s ]
INFO: [ app_init ] --END-- [ RunTime:0.000314s ]
ERR: æ— æ³•åŠ è½½æ¨¡å—:Js

[ 2017-09-12T17:50:57+08:00 ] 127.0.0.1 /Mjh/js/hAdmin.js?v=4.1.0
INFO: [ app_init ] --START--
INFO: Run Behavior\BuildLiteBehavior [ RunTime:0.000018s ]
INFO: [ app_init ] --END-- [ RunTime:0.000339s ]
ERR: æ— æ³•åŠ è½½æ¨¡å—:Js

[ 2017-09-12T17:50:57+08:00 ] 127.0.0.1 /Mjh/js/index.js
INFO: [ app_init ] --START--
INFO: Run Behavior\BuildLiteBehavior [ RunTime:0.000017s ]
INFO: [ app_init ] --END-- [ RunTime:0.000314s ]
ERR: æ— æ³•åŠ è½½æ¨¡å—:Js

[ 2017-09-12T17:50:57+08:00 ] 127.0.0.1 /Mjh/js/plugins/pace/pace.min.js
INFO: [ app_init ] --START--
INFO: Run Behavior\BuildLiteBehavior [ RunTime:0.000018s ]
INFO: [ app_init ] --END-- [ RunTime:0.000436s ]
ERR: æ— æ³•åŠ è½½æ¨¡å—:Js

[ 2017-09-12T17:50:57+08:00 ] 127.0.0.1 /Mjh/favicon.ico
INFO: [ app_init ] --START--
INFO: Run Behavior\BuildLiteBehavior [ RunTime:0.000018s ]
INFO: [ app_init ] --END-- [ RunTime:0.000325s ]
ERR: æ— æ³•åŠ è½½æ¨¡å—:Favicon

[ 2017-09-12T17:51:48+08:00 ] 127.0.0.1 /Mjh/js/jquery.min.js?v=2.1.4
INFO: [ app_init ] --START--
INFO: Run Behavior\BuildLiteBehavior [ RunTime:0.000018s ]
INFO: [ app_init ] --END-- [ RunTime:0.000357s ]
ERR: æ— æ³•åŠ è½½æ¨¡å—:Js

[ 2017-09-12T17:51:48+08:00 ] 127.0.0.1 /Mjh/js/bootstrap.min.js?v=3.3.6
INFO: [ app_init ] --START--
INFO: Run Behavior\BuildLiteBehavior [ RunTime:0.000020s ]
INFO: [ app_init ] --END-- [ RunTime:0.000353s ]
ERR: æ— æ³•åŠ è½½æ¨¡å—:Js

[ 2017-09-12T17:51:48+08:00 ] 127.0.0.1 /Mjh/js/plugins/metisMenu/jquery.metisMenu.js
INFO: [ app_init ] --START--
INFO: Run Behavior\BuildLiteBehavior [ RunTime:0.000021s ]
INFO: [ app_init ] --END-- [ RunTime:0.000342s ]
ERR: æ— æ³•åŠ è½½æ¨¡å—:Js

[ 2017-09-12T17:51:48+08:00 ] 127.0.0.1 /Mjh/js/hAdmin.js?v=4.1.0
INFO: [ app_init ] --START--
INFO: Run Behavior\BuildLiteBehavior [ RunTime:0.000018s ]
INFO: [ app_init ] --END-- [ RunTime:0.000346s ]
ERR: æ— æ³•åŠ è½½æ¨¡å—:Js

[ 2017-09-12T17:51:48+08:00 ] 127.0.0.1 /Mjh/js/index.js
INFO: [ app_init ] --START--
INFO: Run Behavior\BuildLiteBehavior [ RunTime:0.000018s ]
INFO: [ app_init ] --END-- [ RunTime:0.000349s ]
ERR: æ— æ³•åŠ è½½æ¨¡å—:Js

[ 2017-09-12T17:51:48+08:00 ] 127.0.0.1 /Mjh/js/plugins/pace/pace.min.js
INFO: [ app_init ] --START--
INFO: Run Behavior\BuildLiteBehavior [ RunTime:0.000019s ]
INFO: [ app_init ] --END-- [ RunTime:0.000328s ]
ERR: æ— æ³•åŠ è½½æ¨¡å—:Js

[ 2017-09-12T17:51:48+08:00 ] 127.0.0.1 /Mjh/js/plugins/slimscroll/jquery.slimscroll.min.js
INFO: [ app_init ] --START--
INFO: Run Behavior\BuildLiteBehavior [ RunTime:0.000019s ]
INFO: [ app_init ] --END-- [ RunTime:0.000656s ]
ERR: æ— æ³•åŠ è½½æ¨¡å—:Js

[ 2017-09-12T17:51:48+08:00 ] 127.0.0.1 /Mjh/img/a7.jpg
INFO: [ app_init ] --START--
INFO: Run Behavior\BuildLiteBehavior [ RunTime:0.000018s ]
INFO: [ app_init ] --END-- [ RunTime:0.000350s ]
ERR: æ— æ³•åŠ è½½æ¨¡å—:Img

[ 2017-09-12T17:51:48+08:00 ] 127.0.0.1 /Mjh/img/a4.jpg
INFO: [ app_init ] --START--
INFO: Run Behavior\BuildLiteBehavior [ RunTime:0.000018s ]
INFO: [ app_init ] --END-- [ RunTime:0.000344s ]
ERR: æ— æ³•åŠ è½½æ¨¡å—:Img

[ 2017-09-12T17:51:48+08:00 ] 127.0.0.1 /Mjh/js/plugins/layer/layer.min.js
INFO: [ app_init ] --START--
INFO: Run Behavior\BuildLiteBehavior [ RunTime:0.000022s ]
INFO: [ app_init ] --END-- [ RunTime:0.000441s ]
ERR: æ— æ³•åŠ è½½æ¨¡å—:Js

[ 2017-09-12T17:51:48+08:00 ] 127.0.0.1 /Mjh/js/bootstrap.min.js?v=3.3.6
INFO: [ app_init ] --START--
INFO: Run Behavior\BuildLiteBehavior [ RunTime:0.000020s ]
INFO: [ app_init ] --END-- [ RunTime:0.000470s ]
ERR: æ— æ³•åŠ è½½æ¨¡å—:Js

[ 2017-09-12T17:51:48+08:00 ] 127.0.0.1 /Mjh/index_v1.html?v=4.0
INFO: [ app_init ] --START--
INFO: Run Behavior\BuildLiteBehavior [ RunTime:0.000019s ]
INFO: [ app_init ] --END-- [ RunTime:0.000339s ]
ERR: æ— æ³•åŠ è½½æ¨¡å—:Index_v1

[ 2017-09-12T17:51:48+08:00 ] 127.0.0.1 /Mjh/js/plugins/metisMenu/jquery.metisMenu.js
INFO: [ app_init ] --START--
INFO: Run Behavior\BuildLiteBehavior [ RunTime:0.000024s ]
INFO: [ app_init ] --END-- [ RunTime:0.000421s ]
ERR: æ— æ³•åŠ è½½æ¨¡å—:Js

[ 2017-09-12T17:51:48+08:00 ] 127.0.0.1 /Mjh/js/plugins/slimscroll/jquery.slimscroll.min.js
INFO: [ app_init ] --START--
INFO: Run Behavior\BuildLiteBehavior [ RunTime:0.000030s ]
INFO: [ app_init ] --END-- [ RunTime:0.000637s ]
ERR: æ— æ³•åŠ è½½æ¨¡å—:Js

[ 2017-09-12T17:51:48+08:00 ] 127.0.0.1 /Mjh/js/plugins/layer/layer.min.js
INFO: [ app_init ] --START--
INFO: Run Behavior\BuildLiteBehavior [ RunTime:0.000020s ]
INFO: [ app_init ] --END-- [ RunTime:0.000349s ]
ERR: æ— æ³•åŠ è½½æ¨¡å—:Js

[ 2017-09-12T17:51:48+08:00 ] 127.0.0.1 /Mjh/js/hAdmin.js?v=4.1.0
INFO: [ app_init ] --START--
INFO: Run Behavior\BuildLiteBehavior [ RunTime:0.000017s ]
INFO: [ app_init ] --END-- [ RunTime:0.000314s ]
ERR: æ— æ³•åŠ è½½æ¨¡å—:Js

[ 2017-09-12T17:51:48+08:00 ] 127.0.0.1 /Mjh/js/index.js
INFO: [ app_init ] --START--
INFO: Run Behavior\BuildLiteBehavior [ RunTime:0.000019s ]
INFO: [ app_init ] --END-- [ RunTime:0.000330s ]
ERR: æ— æ³•åŠ è½½æ¨¡å—:Js

[ 2017-09-12T17:51:48+08:00 ] 127.0.0.1 /Mjh/js/plugins/pace/pace.min.js
INFO: [ app_init ] --START--
INFO: Run Behavior\BuildLiteBehavior [ RunTime:0.000018s ]
INFO: [ app_init ] --END-- [ RunTime:0.000309s ]
ERR: æ— æ³•åŠ è½½æ¨¡å—:Js

[ 2017-09-12T17:52:08+08:00 ] 127.0.0.1 /Mjh/index_v1.html?v=4.0
INFO: [ app_init ] --START--
INFO: Run Behavior\BuildLiteBehavior [ RunTime:0.000022s ]
INFO: [ app_init ] --END-- [ RunTime:0.000403s ]
ERR: æ— æ³•åŠ è½½æ¨¡å—:Index_v1

[ 2017-09-12T17:52:08+08:00 ] 127.0.0.1 /Mjh/img/a7.jpg
INFO: [ app_init ] --START--
INFO: Run Behavior\BuildLiteBehavior [ RunTime:0.000020s ]
INFO: [ app_init ] --END-- [ RunTime:0.000370s ]
ERR: æ— æ³•åŠ è½½æ¨¡å—:Img

[ 2017-09-12T17:52:08+08:00 ] 127.0.0.1 /Mjh/Public/Admin/js/plugins/pace/pace.min.js
INFO: [ app_init ] --START--
INFO: Run Behavior\BuildLiteBehavior [ RunTime:0.000019s ]
INFO: [ app_init ] --END-- [ RunTime:0.000355s ]
ERR: æ— æ³•åŠ è½½æ¨¡å—:Public

[ 2017-09-12T17:52:08+08:00 ] 127.0.0.1 /Mjh/img/a4.jpg
INFO: [ app_init ] --START--
INFO: Run Behavior\BuildLiteBehavior [ RunTime:0.000018s ]
INFO: [ app_init ] --END-- [ RunTime:0.000348s ]
ERR: æ— æ³•åŠ è½½æ¨¡å—:Img

[ 2017-09-12T17:52:08+08:00 ] 127.0.0.1 /Mjh/Public/Admin/js/plugins/pace/pace.min.js
INFO: [ app_init ] --START--
INFO: Run Behavior\BuildLiteBehavior [ RunTime:0.000018s ]
INFO: [ app_init ] --END-- [ RunTime:0.000336s ]
ERR: æ— æ³•åŠ è½½æ¨¡å—:Public

[ 2017-09-12T17:52:23+08:00 ] 127.0.0.1 /Mjh/img/a4.jpg
INFO: [ app_init ] --START--
INFO: Run Behavior\BuildLiteBehavior [ RunTime:0.000019s ]
INFO: [ app_init ] --END-- [ RunTime:0.000357s ]
ERR: æ— æ³•åŠ è½½æ¨¡å—:Img

[ 2017-09-12T17:52:23+08:00 ] 127.0.0.1 /Mjh/img/a7.jpg
INFO: [ app_init ] --START--
INFO: Run Behavior\BuildLiteBehavior [ RunTime:0.000022s ]
INFO: [ app_init ] --END-- [ RunTime:0.000362s ]
ERR: æ— æ³•åŠ è½½æ¨¡å—:Img

[ 2017-09-12T17:52:23+08:00 ] 127.0.0.1 /Mjh/index_v1.html?v=4.0
INFO: [ app_init ] --START--
INFO: Run Behavior\BuildLiteBehavior [ RunTime:0.000022s ]
INFO: [ app_init ] --END-- [ RunTime:0.000352s ]
ERR: æ— æ³•åŠ è½½æ¨¡å—:Index_v1

[ 2017-09-12T17:52:23+08:00 ] 127.0.0.1 /Mjh/Public/Admin/js/plugins/pace/pace.min.js
INFO: [ app_init ] --START--
INFO: Run Behavior\BuildLiteBehavior [ RunTime:0.000032s ]
INFO: [ app_init ] --END-- [ RunTime:0.000404s ]
ERR: æ— æ³•åŠ è½½æ¨¡å—:Public

[ 2017-09-12T17:52:27+08:00 ] 127.0.0.1 /Mjh/mailbox.html
INFO: [ app_init ] --START--
INFO: Run Behavior\BuildLiteBehavior [ RunTime:0.000016s ]
INFO: [ app_init ] --END-- [ RunTime:0.000314s ]
ERR: æ— æ³•åŠ è½½æ¨¡å—:Mailbox

[ 2017-09-12T17:53:21+08:00 ] 127.0.0.1 /Mjh/img/a7.jpg
INFO: [ app_init ] --START--
INFO: Run Behavior\BuildLiteBehavior [ RunTime:0.000023s ]
INFO: [ app_init ] --END-- [ RunTime:0.000346s ]
ERR: æ— æ³•åŠ è½½æ¨¡å—:Img

[ 2017-09-12T17:53:21+08:00 ] 127.0.0.1 /Mjh/img/a4.jpg
INFO: [ app_init ] --START--
INFO: Run Behavior\BuildLiteBehavior [ RunTime:0.000024s ]
INFO: [ app_init ] --END-- [ RunTime:0.000362s ]
ERR: æ— æ³•åŠ è½½æ¨¡å—:Img

[ 2017-09-12T17:53:21+08:00 ] 127.0.0.1 /Mjh/index_v1.html?v=4.0
INFO: [ app_init ] --START--
INFO: Run Behavior\BuildLiteBehavior [ RunTime:0.000020s ]
INFO: [ app_init ] --END-- [ RunTime:0.000415s ]
ERR: æ— æ³•åŠ è½½æ¨¡å—:Index_v1

[ 2017-09-12T17:53:21+08:00 ] 127.0.0.1 /Mjh/Public/Admin/js/plugins/pace/pace.min.js
INFO: [ app_init ] --START--
INFO: Run Behavior\BuildLiteBehavior [ RunTime:0.000021s ]
INFO: [ app_init ] --END-- [ RunTime:0.000405s ]
ERR: æ— æ³•åŠ è½½æ¨¡å—:Public

[ 2017-09-12T17:53:34+08:00 ] 127.0.0.1 /Mjh/img/a7.jpg
INFO: [ app_init ] --START--
INFO: Run Behavior\BuildLiteBehavior [ RunTime:0.000018s ]
INFO: [ app_init ] --END-- [ RunTime:0.000347s ]
ERR: æ— æ³•åŠ è½½æ¨¡å—:Img

RR: æ— æ³•åŠ è½½æ¨¡å—:Public

[ 2017-09-12T17:53:34+08:00 ] 127.0.0.1 /Mjh/index_v1.html?v=4.0
INFO: [ app_init ] --START--
INFO: Run Behavior\BuildLiteBehavior [ RunTime:0.000019s ]
INFO: [ app_init ] --END-- [ RunTime:0.000327s ]
ERR: æ— æ³•åŠ è½½æ¨¡å—:Index_v1

[ 2017-09-12T17:53:34+08:00 ] 127.0.0.1 /Mjh/Public/Admin/js/plugins/pace/pace.min.js
INFO: [ app_init ] --START--
INFO: Run Behavior\BuildLiteBehavior [ RunTime:0.000054s ]
INFO: [ app_init ] --END-- [ RunTime:0.000505s ]
ERR: æ— æ³•åŠ è½½æ¨¡å—:Public

[ 2017-09-12T17:53:52+08:00 ] 127.0.0.1 /Mjh/img/a4.jpg
INFO: [ app_init ] --START--
INFO: Run Behavior\BuildLiteBehavior [ RunTime:0.000018s ]
INFO: [ app_init ] --END-- [ RunTime:0.000350s ]
ERR: æ— æ³•åŠ è½½æ¨¡å—:Img

[ 2017-09-12T17:53:52+08:00 ] 127.0.0.1 /Mjh/index_v1.html?v=4.0
INFO: [ app_init ] --START--
INFO: Run Behavior\BuildLiteBehavior [ RunTime:0.000018s ]
INFO: [ app_init ] --END-- [ RunTime:0.000338s ]
ERR: æ— æ³•åŠ è½½æ¨¡å—:Index_v1

[ 2017-09-12T17:53:52+08:00 ] 127.0.0.1 /Mjh/img/a7.jpg
INFO: [ app_init ] --START--
INFO: Run Behavior\BuildLiteBehavior [ RunTime:0.000019s ]
INFO: [ app_init ] --END-- [ RunTime:0.000355s ]
ERR: æ— æ³•åŠ è½½æ¨¡å—:Img

[ 2017-09-12T17:53:52+08:00 ] 127.0.0.1 /Mjh/Public/Admin/js/plugins/pace/pace.min.js
INFO: [ app_init ] --START--
INFO: Run Behavior\BuildLiteBehavior [ RunTime:0.000040s ]
INFO: [ app_init ] --END-- [ RunTime:0.000484s ]
ERR: æ— æ³•åŠ è½½æ¨¡å—:Public

[ 2017-09-12T17:54:06+08:00 ] 127.0.0.1 /Mjh/img/a4.jpg
INFO: [ app_init ] --START--
INFO: Run Behavior\BuildLiteBehavior [ RunTime:0.000018s ]
INFO: [ app_init ] --END-- [ RunTime:0.000338s ]
ERR: æ— æ³•åŠ è½½æ¨¡å—:Img

[ 2017-09-12T17:54:06+08:00 ] 127.0.0.1 /Mjh/img/a7.jpg
INFO: [ app_init ] --START--
INFO: Run Behavior\BuildLiteBehavior [ RunTime:0.000022s ]
INFO: [ app_init ] --END-- [ RunTime:0.000372s ]
ERR: æ— æ³•åŠ è½½æ¨¡å—:Img

[ 2017-09-12T17:54:06+08:00 ] 127.0.0.1 /Mjh/Public/Admin/js/plugins/pace/pace.min.js
INFO: [ app_init ] --START--
INFO: Run Behavior\BuildLiteBehavior [ RunTime:0.000019s ]
INFO: [ app_init ] --END-- [ RunTime:0.000369s ]
ERR: æ— æ³•åŠ è½½æ¨¡å—:Public

[ 2017-09-12T17:54:06+08:00 ] 127.0.0.1 /Mjh/index_v1.html?v=4.0
INFO: [ app_init ] --START--
INFO: Run Behavior\BuildLiteBehavior [ RunTime:0.000020s ]
INFO: [ app_init ] --END-- [ RunTime:0.000537s ]
ERR: æ— æ³•åŠ è½½æ¨¡å—:Index_v1

[ 2017-09-12T17:54:10+08:00 ] 127.0.0.1 /Mjh/img/a7.jpg
INFO: [ app_init ] --START--
INFO: Run Behavior\BuildLiteBehavior [ RunTime:0.000021s ]
INFO: [ app_init ] --END-- [ RunTime:0.000342s ]
ERR: æ— æ³•åŠ è½½æ¨¡å—:Img

[ 2017-09-12T17:54:10+08:00 ] 127.0.0.1 /Mjh/index_v1.html?v=4.0
INFO: [ app_init ] --START--
INFO: Run Behavior\BuildLiteBehavior [ RunTime:0.000034s ]
INFO: [ app_init ] --END-- [ RunTime:0.000371s ]
ERR: æ— æ³•åŠ è½½æ¨¡å—:Index_v1

[ 2017-09-12T17:54:10+08:00 ] 127.0.0.1 /Mjh/Public/Admin/js/plugins/pace/pace.min.js
INFO: [ app_init ] --START--
INFO: Run Behavior\BuildLiteBehavior [ RunTime:0.000024s ]
INFO: [ app_init ] --END-- [ RunTime:0.001954s ]
ERR: æ— æ³•åŠ è½½æ¨¡å—:Public

[ 2017-09-12T17:54:10+08:00 ] 127.0.0.1 /Mjh/img/a4.jpg
INFO: [ app_init ] --START--
INFO: Run Behavior\BuildLiteBehavior [ RunTime:0.000047s ]
INFO: [ app_init ] --END-- [ RunTime:0.000984s ]
ERR: æ— æ³•åŠ è½½æ¨¡å—:Img

[ 2017-09-12T17:54:10+08:00 ] 127.0.0.1 /Mjh/Public/Admin/js/plugins/pace/pace.min.js
INFO: [ app_init ] --START--
INFO: Run Behavior\BuildLiteBehavior [ RunTime:0.000019s ]
INFO: [ app_init ] --END-- [ RunTime:0.000372s ]
ERR: æ— æ³•åŠ è½½æ¨¡å—:Public

[ 2017-09-12T17:54:23+08:00 ] 127.0.0.1 /Mjh/index_v1.html?v=4.0
INFO: [ app_init ] --START--
INFO: Run Behavior\BuildLiteBehavior [ RunTime:0.000025s ]
INFO: [ app_init ] --END-- [ RunTime:0.000362s ]
ERR: æ— æ³•åŠ è½½æ¨¡å—:Index_v1

[ 2017-09-12T17:54:23+08:00 ] 127.0.0.1 /Mjh/img/a4.jpg
INFO: [ app_init ] --START--
INFO: Run Behavior\BuildLiteBehavior [ RunTime:0.000018s ]
INFO: [ app_init ] --END-- [ RunTime:0.000344s ]
ERR: æ— æ³•åŠ è½½æ¨¡å—:Img

[ 2017-09-12T17:54:23+08:00 ] 127.0.0.1 /Mjh/Public/Admin/js/plugins/pace/pace.min.js
INFO: [ app_init ] --START--
INFO: Run Behavior\BuildLiteBehavior [ RunTime:0.000020s ]
INFO: [ app_init ] --END-- [ RunTime:0.000357s ]
ERR: æ— æ³•åŠ è½½æ¨¡å—:Public

[ 2017-09-12T17:54:23+08:00 ] 127.0.0.1 /Mjh/img/a7.jpg
INFO: [ app_init ] --START--
INFO: Run Behavior\BuildLiteBehavior [ RunTime:0.000020s ]
INFO: [ app_init ] --END-- [ RunTime:0.000357s ]
ERR: æ— æ³•åŠ è½½æ¨¡å—:Img

[ 2017-09-12T17:54:23+08:00 ] 127.0.0.1 /Mjh/Public/Admin/js/plugins/pace/pace.min.js
INFO: [ app_init ] --START--
INFO: Run Behavior\BuildLiteBehavior [ RunTime:0.000027s ]
INFO: [ app_init ] --END-- [ RunTime:0.000426s ]
ERR: æ— æ³•åŠ è½½æ¨¡å—:Public

[ 2017-09-12T17:54:31+08:00 ] 127.0.0.1 /Mjh/Public/Admin/js/plugins/pace/pace.min.js
INFO: [ app_init ] --START--
INFO: Run Behavior\BuildLiteBehavior [ RunTime:0.000020s ]
INFO: [ app_init ] --END-- [ RunTime:0.000406s ]
ERR: æ— æ³•åŠ è½½æ¨¡å—:Public

[ 2017-09-12T17:54:31+08:00 ] 127.0.0.1 /Mjh/img/a4.jpg
INFO: [ app_init ] --START--
INFO: Run Behavior\BuildLiteBehavior [ RunTime:0.000019s ]
INFO: [ app_init ] --END-- [ RunTime:0.000330s ]
ERR: æ— æ³•åŠ è½½æ¨¡å—:Img

[ 2017-09-12T17:54:31+08:00 ] 127.0.0.1 /Mjh/img/a7.jpg
INFO: [ app_init ] --START--
INFO: Run Behavior\BuildLiteBehavior [ RunTime:0.000021s ]
INFO: [ app_init ] --END-- [ RunTime:0.000472s ]
ERR: æ— æ³•åŠ è½½æ¨¡å—:Img

[ 2017-09-12T17:54:31+08:00 ] 127.0.0.1 /Mjh/index_v1.html?v=4.0
INFO: [ app_init ] --START--
INFO: Run Behavior\BuildLiteBehavior [ RunTime:0.000023s ]
INFO: [ app_init ] --END-- [ RunTime:0.000446s ]
ERR: æ— æ³•åŠ è½½æ¨¡å—:Index_v1

[ 2017-09-12T17:54:49+08:00 ] 127.0.0.1 /Mjh/img/a4.jpg
INFO: [ app_init ] --START--
INFO: Run Behavior\BuildLiteBehavior [ RunTime:0.000018s ]
INFO: [ app_init ] --END-- [ RunTime:0.000373s ]
ERR: æ— æ³•åŠ è½½æ¨¡å—:Img

[ 2017-09-12T17:54:49+08:00 ] 127.0.0.1 /Mjh/index_v1.html?v=4.0
INFO: [ app_init ] --START--
INFO: Run Behavior\BuildLiteBehavior [ RunTime:0.000026s ]
INFO: [ app_init ] --END-- [ RunTime:0.000358s ]
ERR: æ— æ³•åŠ è½½æ¨¡å—:Index_v1

[ 2017-09-12T17:54:49+08:00 ] 127.0.0.1 /Mjh/img/a7.jpg
INFO: [ app_init ] --START--
INFO: Run Behavior\BuildLiteBehavior [ RunTime:0.000017s ]
INFO: [ app_init ] --END-- [ RunTime:0.000340s ]
ERR: æ— æ³•åŠ è½½æ¨¡å—:Img

[ 2017-09-12T17:54:49+08:00 ] 127.0.0.1 /Mjh/Public/Admin/js/plugins/pace/pace.min.js
INFO: [ app_init ] --START--
INFO: Run Behavior\BuildLiteBehavior [ RunTime:0.000020s ]
INFO: [ app_init ] --END-- [ RunTime:0.000340s ]
ERR: æ— æ³•åŠ è½½æ¨¡å—:Public

[ 2017-09-12T17:55:15+08:00 ] 127.0.0.1 /Mjh/img/a4.jpg
INFO: [ app_init ] --START--
INFO: Run Behavior\BuildLiteBehavior [ RunTime:0.000019s ]
INFO: [ app_init ] --END-- [ RunTime:0.000371s ]
ERR: æ— æ³•åŠ è½½æ¨¡å—:Img

[ 2017-09-12T17:55:15+08:00 ] 127.0.0.1 /Mjh/img/a7.jpg
INFO: [ app_init ] --START--
INFO: Run Behavior\BuildLiteBehavior [ RunTime:0.000018s ]
INFO: [ app_init ] --END-- [ RunTime:0.000376s ]
ERR: æ— æ³•åŠ è½½æ¨¡å—:Img

[ 2017-09-12T17:55:15+08:00 ] 127.0.0.1 /Mjh/index_v1.html?v=4.0
INFO: [ app_init ] --START--
INFO: Run Behavior\BuildLiteBehavior [ RunTime:0.000019s ]
INFO: [ app_init ] --END-- [ RunTime:0.000353s ]
ERR: æ— æ³•åŠ è½½æ¨¡å—:Index_v1

[ 2017-09-12T17:55:15+08:00 ] 127.0.0.1 /Mjh/Public/Admin/js/plugins/pace/pace.min.js
INFO: [ app_init ] --START--
INFO: Run Behavior\BuildLiteBehavior [ RunTime:0.000032s ]
INFO: [ app_init ] --END-- [ RunTime:0.000359s ]
ERR: æ— æ³•åŠ è½½æ¨¡å—:Public

[ 2017-09-12T17:55:38+08:00 ] 127.0.0.1 /Mjh/Public/Admin/js/plugins/pace/pace.min.js
INFO: [ app_init ] --START--
INFO: Run Behavior\BuildLiteBehavior [ RunTime:0.000019s ]
INFO: [ app_init ] --END-- [ RunTime:0.000343s ]
ERR: æ— æ³•åŠ è½½æ¨¡å—:Public

[ 2017-09-12T17:55:38+08:00 ] 127.0.0.1 /Mjh/index_v1.html?v=4.0
INFO: [ app_init ] --START--
INFO: Run Behavior\BuildLiteBehavior [ RunTime:0.000018s ]
INFO: [ app_init ] --END-- [ RunTime:0.000338s ]
ERR: æ— æ³•åŠ è½½æ¨¡å—:Index_v1

[ 2017-09-12T17:55:38+08:00 ] 127.0.0.1 /Mjh/img/a7.jpg
INFO: [ app_init ] --START--
INFO: Run Behavior\BuildLiteBehavior [ RunTime:0.000033s ]
INFO: [ app_init ] --END-- [ RunTime:0.000634s ]
ERR: æ— æ³•åŠ è½½æ¨¡å—:Img

[ 2017-09-12T17:55:38+08:00 ] 127.0.0.1 /Mjh/img/a4.jpg
INFO: [ app_init ] --START--
INFO: Run Behavior\BuildLiteBehavior [ RunTime:0.000032s ]
INFO: [ app_init ] --END-- [ RunTime:0.000544s ]
ERR: æ— æ³•åŠ è½½æ¨¡å—:Img

[ 2017-09-12T17:55:38+08:00 ] 127.0.0.1 /Mjh/Public/Admin/js/plugins/pace/pace.min.js
INFO: [ app_init ] --START--
INFO: Run Behavior\BuildLiteBehavior [ RunTime:0.000020s ]
INFO: [ app_init ] --END-- [ RunTime:0.000351s ]
ERR: æ— æ³•åŠ è½½æ¨¡å—:Public

[ 2017-09-12T17:56:10+08:00 ] 127.0.0.1 /Mjh/img/a7.jpg
INFO: [ app_init ] --START--
INFO: Run Behavior\BuildLiteBehavior [ RunTime:0.000021s ]
INFO: [ app_init ] --END-- [ RunTime:0.000359s ]
ERR: æ— æ³•åŠ è½½æ¨¡å—:Img

[ 2017-09-12T17:56:10+08:00 ] 127.0.0.1 /Mjh/Public/Admin/js/plugins/pace/pace.min.js
INFO: [ app_init ] --START--
INFO: Run Behavior\BuildLiteBehavior [ RunTime:0.000070s ]
INFO: [ app_init ] --END-- [ RunTime:0.000759s ]
ERR: æ— æ³•åŠ è½½æ¨¡å—:Public

[ 2017-09-12T17:56:10+08:00 ] 127.0.0.1 /Mjh/index_v1.html?v=4.0
INFO: [ app_init ] --START--
INFO: Run Behavior\BuildLiteBehavior [ RunTime:0.000024s ]
INFO: [ app_init ] --END-- [ RunTime:0.000373s ]
ERR: æ— æ³•åŠ è½½æ¨¡å—:Index_v1

[ 2017-09-12T17:56:10+08:00 ] 127.0.0.1 /Mjh/img/a4.jpg
INFO: [ app_init ] --START--
INFO: Run Behavior\BuildLiteBehavior [ RunTime:0.000023s ]
INFO: [ app_init ] --END-- [ RunTime:0.000345s ]
ERR: æ— æ³•åŠ è½½æ¨¡å—:Img

[ 2017-09-12T17:56:21+08:00 ] 127.0.0.1 /Mjh/img/a7.jpg
INFO: [ app_init ] --START--
INFO: Run Behavior\BuildLiteBehavior [ RunTime:0.000018s ]
INFO: [ app_init ] --END-- [ RunTime:0.000349s ]
ERR: æ— æ³•åŠ è½½æ¨¡å—:Img

[ 2017-09-12T17:56:21+08:00 ] 127.0.0.1 /Mjh/index_v1.html?v=4.0
INFO: [ app_init ] --START--
INFO: Run Behavior\BuildLiteBehavior [ RunTime:0.000018s ]
INFO: [ app_init ] --END-- [ RunTime:0.000347s ]
ERR: æ— æ³•åŠ è½½æ¨¡å—:Index_v1

½½æ¨¡å—:Public

[ 2017-09-12T17:56:21+08:00 ] 127.0.0.1 /Mjh/img/a4.jpg
INFO: [ app_init ] --START--
INFO: Run Behavior\BuildLiteBehavior [ RunTime:0.000022s ]
INFO: [ app_init ] --END-- [ RunTime:0.000370s ]
ERR: æ— æ³•åŠ è½½æ¨¡å—:Img

[ 2017-09-12T17:56:21+08:00 ] 127.0.0.1 /Mjh/Public/Admin/js/plugins/pace/pace.min.js
INFO: [ app_init ] --START--
INFO: Run Behavior\BuildLiteBehavior [ RunTime:0.000020s ]
INFO: [ app_init ] --END-- [ RunTime:0.000435s ]
ERR: æ— æ³•åŠ è½½æ¨¡å—:Public

[ 2017-09-12T17:56:38+08:00 ] 127.0.0.1 /Mjh/index_v1.html?v=4.0
INFO: [ app_init ] --START--
INFO: Run Behavior\BuildLiteBehavior [ RunTime:0.000019s ]
INFO: [ app_init ] --END-- [ RunTime:0.000347s ]
ERR: æ— æ³•åŠ è½½æ¨¡å—:Index_v1

[ 2017-09-12T17:56:38+08:00 ] 127.0.0.1 /Mjh/img/a4.jpg
INFO: [ app_init ] --START--
INFO: Run Behavior\BuildLiteBehavior [ RunTime:0.000021s ]
INFO: [ app_init ] --END-- [ RunTime:0.000351s ]
ERR: æ— æ³•åŠ è½½æ¨¡å—:Img

[ 2017-09-12T17:56:38+08:00 ] 127.0.0.1 /Mjh/img/a7.jpg
INFO: [ app_init ] --START--
INFO: Run Behavior\BuildLiteBehavior [ RunTime:0.000017s ]
INFO: [ app_init ] --END-- [ RunTime:0.000331s ]
ERR: æ— æ³•åŠ è½½æ¨¡å—:Img

[ 2017-09-12T17:56:38+08:00 ] 127.0.0.1 /Mjh/Public/Admin/js/plugins/pace/pace.min.js
INFO: [ app_init ] --START--
INFO: Run Behavior\BuildLiteBehavior [ RunTime:0.000018s ]
INFO: [ app_init ] --END-- [ RunTime:0.000435s ]
ERR: æ— æ³•åŠ è½½æ¨¡å—:Public

[ 2017-09-12T17:56:54+08:00 ] 127.0.0.1 /Mjh/img/a4.jpg
INFO: [ app_init ] --START--
INFO: Run Behavior\BuildLiteBehavior [ RunTime:0.000018s ]
INFO: [ app_init ] --END-- [ RunTime:0.000357s ]
ERR: æ— æ³•åŠ è½½æ¨¡å—:Img

[ 2017-09-12T17:56:54+08:00 ] 127.0.0.1 /Mjh/Public/Admin/js/plugins/pace/pace.min.js
INFO: [ app_init ] --START--
INFO: Run Behavior\BuildLiteBehavior [ RunTime:0.000020s ]
INFO: [ app_init ] --END-- [ RunTime:0.000374s ]
ERR: æ— æ³•åŠ è½½æ¨¡å—:Public

[ 2017-09-12T17:56:54+08:00 ] 127.0.0.1 /Mjh/index_v1.html?v=4.0
INFO: [ app_init ] --START--
INFO: Run Behavior\BuildLiteBehavior [ RunTime:0.000018s ]
INFO: [ app_init ] --END-- [ RunTime:0.000335s ]
ERR: æ— æ³•åŠ è½½æ¨¡å—:Index_v1

[ 2017-09-12T17:56:54+08:00 ] 127.0.0.1 /Mjh/img/a7.jpg
INFO: [ app_init ] --START--
INFO: Run Behavior\BuildLiteBehavior [ RunTime:0.000020s ]
INFO: [ app_init ] --END-- [ RunTime:0.000374s ]
ERR: æ— æ³•åŠ è½½æ¨¡å—:Img

[ 2017-09-12T17:56:56+08:00 ] 127.0.0.1 /Mjh/index_v1.html
INFO: [ app_init ] --START--
INFO: Run Behavior\BuildLiteBehavior [ RunTime:0.000017s ]
INFO: [ app_init ] --END-- [ RunTime:0.000310s ]
ERR: æ— æ³•åŠ è½½æ¨¡å—:Index_v1

[ 2017-09-12T17:57:25+08:00 ] 127.0.0.1 /Mjh/index_v1.html?v=4.0
INFO: [ app_init ] --START--
INFO: Run Behavior\BuildLiteBehavior [ RunTime:0.000019s ]
INFO: [ app_init ] --END-- [ RunTime:0.000359s ]
ERR: æ— æ³•åŠ è½½æ¨¡å—:Index_v1

[ 2017-09-12T17:57:25+08:00 ] 127.0.0.1 /Mjh/img/a7.jpg
INFO: [ app_init ] --START--
INFO: Run Behavior\BuildLiteBehavior [ RunTime:0.000018s ]
INFO: [ app_init ] --END-- [ RunTime:0.000341s ]
ERR: æ— æ³•åŠ è½½æ¨¡å—:Img

[ 2017-09-12T17:57:25+08:00 ] 127.0.0.1 /Mjh/img/a4.jpg
INFO: [ app_init ] --START--
INFO: Run Behavior\BuildLiteBehavior [ RunTime:0.000027s ]
INFO: [ app_init ] --END-- [ RunTime:0.000349s ]
ERR: æ— æ³•åŠ è½½æ¨¡å—:Img

[ 2017-09-12T17:57:25+08:00 ] 127.0.0.1 /Mjh/Public/Admin/js/plugins/pace/pace.min.js
INFO: [ app_init ] --START--
INFO: Run Behavior\BuildLiteBehavior [ RunTime:0.000020s ]
INFO: [ app_init ] --END-- [ RunTime:0.000340s ]
ERR: æ— æ³•åŠ è½½æ¨¡å—:Public

[ 2017-09-12T17:57:25+08:00 ] 127.0.0.1 /Mjh/Public/Admin/js/plugins/pace/pace.min.js
INFO: [ app_init ] --START--
INFO: Run Behavior\BuildLiteBehavior [ RunTime:0.000023s ]
INFO: [ app_init ] --END-- [ RunTime:0.000760s ]
ERR: æ— æ³•åŠ è½½æ¨¡å—:Public

[ 2017-09-12T17:57:26+08:00 ] 127.0.0.1 /Mjh/Public/Admin/css/bootstrap.min.css.map
INFO: [ app_init ] --START--
INFO: Run Behavior\BuildLiteBehavior [ RunTime:0.000028s ]
INFO: [ app_init ] --END-- [ RunTime:0.000363s ]
ERR: æ— æ³•åŠ è½½æ¨¡å—:Public

[ 2017-09-12T17:58:03+08:00 ] 127.0.0.1 /Mjh/Public/Admin/js/plugins/pace/pace.min.js
INFO: [ app_init ] --START--
INFO: Run Behavior\BuildLiteBehavior [ RunTime:0.000019s ]
INFO: [ app_init ] --END-- [ RunTime:0.000359s ]
ERR: æ— æ³•åŠ è½½æ¨¡å—:Public

[ 2017-09-12T17:58:03+08:00 ] 127.0.0.1 /Mjh/img/a4.jpg
INFO: [ app_init ] --START--
INFO: Run Behavior\BuildLiteBehavior [ RunTime:0.000028s ]
INFO: [ app_init ] --END-- [ RunTime:0.000368s ]
ERR: æ— æ³•åŠ è½½æ¨¡å—:Img

[ 2017-09-12T17:58:03+08:00 ] 127.0.0.1 /Mjh/index_v1.html?v=4.0
INFO: [ app_init ] --START--
INFO: Run Behavior\BuildLiteBehavior [ RunTime:0.000019s ]
INFO: [ app_init ] --END-- [ RunTime:0.000345s ]
ERR: æ— æ³•åŠ è½½æ¨¡å—:Index_v1

[ 2017-09-12T17:58:03+08:00 ] 127.0.0.1 /Mjh/img/a7.jpg
INFO: [ app_init ] --START--
INFO: Run Behavior\BuildLiteBehavior [ RunTime:0.000036s ]
INFO: [ app_init ] --END-- [ RunTime:0.000356s ]
ERR: æ— æ³•åŠ è½½æ¨¡å—:Img

[ 2017-09-12T17:58:08+08:00 ] 127.0.0.1 /Mjh/img/a4.jpg
INFO: [ app_init ] --START--
INFO: Run Behavior\BuildLiteBehavior [ RunTime:0.000019s ]
INFO: [ app_init ] --END-- [ RunTime:0.000345s ]
ERR: æ— æ³•åŠ è½½æ¨¡å—:Img

[ 2017-09-12T17:58:08+08:00 ] 127.0.0.1 /Mjh/index_v1.html?v=4.0
INFO: [ app_init ] --START--
INFO: Run Behavior\BuildLiteBehavior [ RunTime:0.000017s ]
INFO: [ app_init ] --END-- [ RunTime:0.000339s ]
ERR: æ— æ³•åŠ è½½æ¨¡å—:Index_v1

[ 2017-09-12T17:58:08+08:00 ] 127.0.0.1 /Mjh/img/a7.jpg
INFO: [ app_init ] --START--
INFO: Run Behavior\BuildLiteBehavior [ RunTime:0.000020s ]
INFO: [ app_init ] --END-- [ RunTime:0.000402s ]
ERR: æ— æ³•åŠ è½½æ¨¡å—:Img

[ 2017-09-12T17:58:08+08:00 ] 127.0.0.1 /Mjh/Public/Admin/js/plugins/pace/pace.min.js
INFO: [ app_init ] --START--
INFO: Run Behavior\BuildLiteBehavior [ RunTime:0.000020s ]
INFO: [ app_init ] --END-- [ RunTime:0.000471s ]
ERR: æ— æ³•åŠ è½½æ¨¡å—:Public

[ 2017-09-12T17:59:03+08:00 ] 127.0.0.1 /Mjh/Public/Admin/js/plugins/pace/pace.min.js
INFO: [ app_init ] --START--
INFO: Run Behavior\BuildLiteBehavior [ RunTime:0.000018s ]
INFO: [ app_init ] --END-- [ RunTime:0.000404s ]
ERR: æ— æ³•åŠ è½½æ¨¡å—:Public

[ 2017-09-12T17:59:03+08:00 ] 127.0.0.1 /Mjh/index_v1.html?v=4.0
INFO: [ app_init ] --START--
INFO: Run Behavior\BuildLiteBehavior [ RunTime:0.000020s ]
INFO: [ app_init ] --END-- [ RunTime:0.000384s ]
ERR: æ— æ³•åŠ è½½æ¨¡å—:Index_v1

[ 2017-09-12T17:59:03+08:00 ] 127.0.0.1 /Mjh/Public/Admin/js/plugins/pace/pace.min.js
INFO: [ app_init ] --START--
INFO: Run Behavior\BuildLiteBehavior [ RunTime:0.000019s ]
INFO: [ app_init ] --END-- [ RunTime:0.000377s ]
ERR: æ— æ³•åŠ è½½æ¨¡å—:Public

[ 2017-09-12T17:59:10+08:00 ] 127.0.0.1 /Mjh/img/a7.jpg
INFO: [ app_init ] --START--
INFO: Run Behavior\BuildLiteBehavior [ RunTime:0.000063s ]
INFO: [ app_init ] --END-- [ RunTime:0.000523s ]
ERR: æ— æ³•åŠ è½½æ¨¡å—:Img

[ 2017-09-12T17:59:10+08:00 ] 127.0.0.1 /Mjh/img/a4.jpg
INFO: [ app_init ] --START--
INFO: Run Behavior\BuildLiteBehavior [ RunTime:0.000019s ]
INFO: [ app_init ] --END-- [ RunTime:0.000345s ]
ERR: æ— æ³•åŠ è½½æ¨¡å—:Img

[ 2017-09-12T17:59:10+08:00 ] 127.0.0.1 /Mjh/index_v1.html?v=4.0
INFO: [ app_init ] --START--
INFO: Run Behavior\BuildLiteBehavior [ RunTime:0.000021s ]
INFO: [ app_init ] --END-- [ RunTime:0.000357s ]
ERR: æ— æ³•åŠ è½½æ¨¡å—:Index_v1

[ 2017-09-12T17:59:10+08:00 ] 127.0.0.1 /Mjh/Public/Admin/js/plugins/pace/pace.min.js
INFO: [ app_init ] --START--
INFO: Run Behavior\BuildLiteBehavior [ RunTime:0.000024s ]
INFO: [ app_init ] --END-- [ RunTime:0.000550s ]
ERR: æ— æ³•åŠ è½½æ¨¡å—:Public

[ 2017-09-12T17:59:15+08:00 ] 127.0.0.1 /Mjh/index_v1.html?v=4.0
INFO: [ app_init ] --START--
INFO: Run Behavior\BuildLiteBehavior [ RunTime:0.000018s ]
INFO: [ app_init ] --END-- [ RunTime:0.000337s ]
ERR: æ— æ³•åŠ è½½æ¨¡å—:Index_v1

[ 2017-09-12T17:59:15+08:00 ] 127.0.0.1 /Mjh/Public/Admin/js/plugins/pace/pace.min.js
INFO: [ app_init ] --START--
INFO: Run Behavior\BuildLiteBehavior [ RunTime:0.000018s ]
INFO: [ app_init ] --END-- [ RunTime:0.000332s ]
ERR: æ— æ³•åŠ è½½æ¨¡å—:Public

[ 2017-09-12T17:59:18+08:00 ] 127.0.0.1 /Mjh/index_v1.html
INFO: [ app_init ] --START--
INFO: Run Behavior\BuildLiteBehavior [ RunTime:0.000018s ]
INFO: [ app_init ] --END-- [ RunTime:0.000352s ]
ERR: æ— æ³•åŠ è½½æ¨¡å—:Index_v1

[ 2017-09-12T17:59:36+08:00 ] 127.0.0.1 /Mjh/Public/Admin/js/plugins/pace/pace.min.js
INFO: [ app_init ] --START--
INFO: Run Behavior\BuildLiteBehavior [ RunTime:0.000021s ]
INFO: [ app_init ] --END-- [ RunTime:0.000368s ]
ERR: æ— æ³•åŠ è½½æ¨¡å—:Public

[ 2017-09-12T17:59:36+08:00 ] 127.0.0.1 /Mjh/index_v1.html?v=4.0
INFO: [ app_init ] --START--
INFO: Run Behavior\BuildLiteBehavior [ RunTime:0.000020s ]
INFO: [ app_init ] --END-- [ RunTime:0.000355s ]
ERR: æ— æ³•åŠ è½½æ¨¡å—:Index_v1

[ 2017-09-12T18:01:47+08:00 ] 127.0.0.1 /Mjh/index_v1.html
INFO: [ app_init ] --START--
INFO: Run Behavior\BuildLiteBehavior [ RunTime:0.000017s ]
INFO: [ app_init ] --END-- [ RunTime:0.000323s ]
ERR: æ— æ³•åŠ è½½æ¨¡å—:Index_v1

[ 2017-09-12T18:03:37+08:00 ] 127.0.0.1 /Mjh/index_v1.html?v=4.0
INFO: [ app_init ] --START--
INFO: Run Behavior\BuildLiteBehavior [ RunTime:0.000024s ]
INFO: [ app_init ] --END-- [ RunTime:0.000459s ]
ERR: æ— æ³•åŠ è½½æ¨¡å—:Index_v1

[ 2017-09-12T18:03:37+08:00 ] 127.0.0.1 /Mjh/Public/Admin/js/plugins/pace/pace.min.js
INFO: [ app_init ] --START--
INFO: Run Behavior\BuildLiteBehavior [ RunTime:0.000021s ]
INFO: [ app_init ] --END-- [ RunTime:0.000388s ]
ERR: æ— æ³•åŠ è½½æ¨¡å—:Public

[ 2017-09-12T18:05:54+08:00 ] 127.0.0.1 /Mjh/Public/Admin/js/plugins/pace/pace.min.js
INFO: [ app_init ] --START--
INFO: Run Behavior\BuildLiteBehavior [ RunTime:0.000018s ]
INFO: [ app_init ] --END-- [ RunTime:0.000336s ]
ERR: æ— æ³•åŠ è½½æ¨¡å—:Public

[ 2017-09-12T18:05:54+08:00 ] 127.0.0.1 /Mjh/index_v1.html?v=4.0
INFO: [ app_init ] --START--
INFO: Run Behavior\BuildLiteBehavior [ RunTime:0.000019s ]
INFO: [ app_init ] --END-- [ RunTime:0.000406s ]
ERR: æ— æ³•åŠ è½½æ¨¡å—:Index_v1

[ 2017-09-12T18:05:54+08:00 ] 127.0.0.1 /Mjh/Public/Admin/js/plugins/pace/pace.min.js
INFO: [ app_init ] --START--
INFO: Run Behavior\BuildLiteBehavior [ RunTime:0.000018s ]
INFO: [ app_init ] --END-- [ RunTime:0.000326s ]
ERR: æ— æ³•åŠ è½½æ¨¡å—:Public

[ 2017-09-12T18:06:05+08:00 ] 127.0.0.1 /Mjh/Public/Admin/js/plugins/pace/pace.min.js
INFO: [ app_init ] --START--
INFO: Run Behavior\BuildLiteBehavior [ RunTime:0.000018s ]
INFO: [ app_init ] --END-- [ RunTime:0.000347s ]
ERR: æ— æ³•åŠ è½½æ¨¡å—:Public

[ 2017-09-12T18:06:05+08:00 ] 127.0.0.1 /Mjh/index_v1.html?v=4.0
INFO: [ app_init ] --START--
INFO: Run Behavior\BuildLiteBehavior [ RunTime:0.000023s ]
INFO: [ app_init ] --END-- [ RunTime:0.000343s ]
ERR: æ— æ³•åŠ è½½æ¨¡å—:Index_v1

[ 2017-09-12T18:31:44+08:00 ] 127.0.0.1 /Mjh/Public/Admin/js/plugins/pace/pace.min.js
INFO: [ app_init ] --START--
INFO: Run Behavior\BuildLiteBehavior [ RunTime:0.000018s ]
INFO: [ app_init ] --END-- [ RunTime:0.000371s ]
ERR: æ— æ³•åŠ è½½æ¨¡å—:Public

[ 2017-09-12T18:31:44+08:00 ] 127.0.0.1 /Mjh/favicon.ico
INFO: [ app_init ] --START--
INFO: Run Behavior\BuildLiteBehavior [ RunTime:0.000021s ]
INFO: [ app_init ] --END-- [ RunTime:0.000343s ]
ERR: æ— æ³•åŠ è½½æ¨¡å—:Favicon

[ 2017-09-12T18:31:44+08:00 ] 127.0.0.1 /Mjh/index_v1.html?v=4.0
INFO: [ app_init ] --START--
INFO: Run Behavior\BuildLiteBehavior [ RunTime:0.000037s ]
INFO: [ app_init ] --END-- [ RunTime:0.000536s ]
ERR: æ— æ³•åŠ è½½æ¨¡å—:Index_v1

[ 2017-09-12T18:31:44+08:00 ] 127.0.0.1 /Mjh/Public/Admin/js/plugins/pace/pace.min.js
INFO: [ app_init ] --START--
INFO: Run Behavior\BuildLiteBehavior [ RunTime:0.000018s ]
INFO: [ app_init ] --END-- [ RunTime:0.000289s ]
ERR: æ— æ³•åŠ è½½æ¨¡å—:Public

